2023-07-10 09:09:40,052 [Worker-5: Loading available Gradle versions] INFO  o.e.b.c.i.u.g.PublishedGradleVersions - Gradle version information cache is out-of-date. Trying to update.
2023-07-12 08:12:17,542 [Worker-0: Loading available Gradle versions] INFO  o.e.b.c.i.u.g.PublishedGradleVersions - Gradle version information cache is up-to-date. Trying to read.
2023-07-14 08:13:16,214 [Worker-5: Loading available Gradle versions] INFO  o.e.b.c.i.u.g.PublishedGradleVersions - Gradle version information cache is up-to-date. Trying to read.
2023-07-17 08:07:49,474 [Worker-3: Loading available Gradle versions] INFO  o.e.b.c.i.u.g.PublishedGradleVersions - Gradle version information cache is out-of-date. Trying to update.
2023-07-18 10:59:18,484 [Worker-4: Loading available Gradle versions] INFO  o.e.b.c.i.u.g.PublishedGradleVersions - Gradle version information cache is up-to-date. Trying to read.
2023-07-19 08:16:30,095 [Worker-3: Loading available Gradle versions] INFO  o.e.b.c.i.u.g.PublishedGradleVersions - Gradle version information cache is up-to-date. Trying to read.
2023-07-21 08:16:55,619 [Worker-0: Loading available Gradle versions] INFO  o.e.b.c.i.u.g.PublishedGradleVersions - Gradle version information cache is up-to-date. Trying to read.
2023-07-24 08:10:31,298 [Worker-0: Loading available Gradle versions] INFO  o.e.b.c.i.u.g.PublishedGradleVersions - Gradle version information cache is out-of-date. Trying to update.
2023-07-26 08:12:18,558 [Worker-3: Loading available Gradle versions] INFO  o.e.b.c.i.u.g.PublishedGradleVersions - Gradle version information cache is up-to-date. Trying to read.
2023-07-28 08:13:38,110 [Worker-5: Loading available Gradle versions] INFO  o.e.b.c.i.u.g.PublishedGradleVersions - Gradle version information cache is up-to-date. Trying to read.
2023-07-31 08:20:11,683 [Worker-2: Loading available Gradle versions] INFO  o.e.b.c.i.u.g.PublishedGradleVersions - Gradle version information cache is out-of-date. Trying to update.
2023-08-02 08:14:27,031 [Worker-2: Loading available Gradle versions] INFO  o.e.b.c.i.u.g.PublishedGradleVersions - Gradle version information cache is up-to-date. Trying to read.
2023-08-04 08:24:41,463 [Worker-4: Loading available Gradle versions] INFO  o.e.b.c.i.u.g.PublishedGradleVersions - Gradle version information cache is up-to-date. Trying to read.
2023-08-07 09:07:07,770 [Worker-5: Loading available Gradle versions] INFO  o.e.b.c.i.u.g.PublishedGradleVersions - Gradle version information cache is out-of-date. Trying to update.
2023-08-09 08:12:32,415 [Worker-8: Loading available Gradle versions] INFO  o.e.b.c.i.u.g.PublishedGradleVersions - Gradle version information cache is up-to-date. Trying to read.
2023-08-09 08:26:03,446 [Worker-59: Creating maven-archetype-quickstart] INFO  o.e.m.c.i.p.ProjectConfigurationManager - Collecting project info '/pom.xml' C:\Users\jay-pc\Selenium MWF 8-00 to 9-30\Selenium_Learning\pom.xml
2023-08-09 08:26:04,370 [Worker-59: Creating maven-archetype-quickstart] INFO  o.e.m.c.i.l.LifecycleMappingFactory - Using org.eclipse.m2e.jdt.JarLifecycleMapping lifecycle mapping for MavenProject: com.selenium:Selenium_Learning:0.0.1-SNAPSHOT @ C:\Users\jay-pc\Selenium MWF 8-00 to 9-30\Selenium_Learning\pom.xml.
2023-08-09 08:26:04,757 [Worker-59: Creating maven-archetype-quickstart] INFO  o.e.m.j.i.AbstractJavaProjectConfigurator - Adding source folder /Selenium_Learning/src/main/java
2023-08-09 08:26:04,760 [Worker-59: Creating maven-archetype-quickstart] INFO  o.e.m.j.i.AbstractJavaProjectConfigurator - Adding source folder /Selenium_Learning/src/test/java
2023-08-09 08:26:04,832 [Worker-59: Creating maven-archetype-quickstart] INFO  o.e.m.c.i.p.ProjectConfigurationManager - Imported and configured 1 project(s) in 1 sec
2023-08-09 08:26:05,448 [Worker-58: Building] INFO  o.e.m.c.i.embedder.EclipseLogger - Using 'UTF-8' encoding to copy filtered resources.
2023-08-09 08:26:05,449 [Worker-58: Building] INFO  o.e.m.c.i.embedder.EclipseLogger - skip non existing resourceDirectory C:\Users\jay-pc\Selenium MWF 8-00 to 9-30\Selenium_Learning\src\main\resources
2023-08-09 08:26:05,451 [Worker-58: Building] INFO  o.e.m.c.i.embedder.EclipseLogger - Using 'UTF-8' encoding to copy filtered resources.
2023-08-09 08:26:05,452 [Worker-58: Building] INFO  o.e.m.c.i.embedder.EclipseLogger - skip non existing resourceDirectory C:\Users\jay-pc\Selenium MWF 8-00 to 9-30\Selenium_Learning\src\test\resources
2023-08-09 08:33:01,921 [Worker-60: Building] INFO  o.e.m.c.i.l.LifecycleMappingFactory - Using org.eclipse.m2e.jdt.JarLifecycleMapping lifecycle mapping for MavenProject: com.selenium:Selenium_Learning:0.0.1-SNAPSHOT @ C:\Users\jay-pc\Selenium MWF 8-00 to 9-30\Selenium_Learning\pom.xml.
2023-08-09 08:33:02,462 [Worker-60: Building] INFO  o.e.m.c.i.embedder.EclipseLogger - Using 'UTF-8' encoding to copy filtered resources.
2023-08-09 08:33:02,462 [Worker-60: Building] INFO  o.e.m.c.i.embedder.EclipseLogger - skip non existing resourceDirectory C:\Users\jay-pc\Selenium MWF 8-00 to 9-30\Selenium_Learning\src\main\resources
2023-08-09 08:33:02,464 [Worker-60: Building] INFO  o.e.m.c.i.embedder.EclipseLogger - Using 'UTF-8' encoding to copy filtered resources.
2023-08-09 08:33:02,465 [Worker-60: Building] INFO  o.e.m.c.i.embedder.EclipseLogger - skip non existing resourceDirectory C:\Users\jay-pc\Selenium MWF 8-00 to 9-30\Selenium_Learning\src\test\resources
2023-08-09 08:33:04,086 [Worker-60: Building] INFO  o.e.m.c.i.embedder.EclipseLogger - Using 'UTF-8' encoding to copy filtered resources.
2023-08-09 08:33:04,086 [Worker-60: Building] INFO  o.e.m.c.i.embedder.EclipseLogger - skip non existing resourceDirectory C:\Users\jay-pc\Selenium MWF 8-00 to 9-30\Selenium_Learning\src\main\resources
2023-08-09 08:33:04,087 [Worker-60: Building] INFO  o.e.m.c.i.embedder.EclipseLogger - Using 'UTF-8' encoding to copy filtered resources.
2023-08-09 08:33:04,087 [Worker-60: Building] INFO  o.e.m.c.i.embedder.EclipseLogger - skip non existing resourceDirectory C:\Users\jay-pc\Selenium MWF 8-00 to 9-30\Selenium_Learning\src\test\resources
2023-08-09 08:35:29,696 [Worker-63: Building] INFO  o.e.m.c.i.l.LifecycleMappingFactory - Using org.eclipse.m2e.jdt.JarLifecycleMapping lifecycle mapping for MavenProject: com.selenium:Selenium_Learning:0.0.1-SNAPSHOT @ C:\Users\jay-pc\Selenium MWF 8-00 to 9-30\Selenium_Learning\pom.xml.
2023-08-09 08:35:30,017 [Worker-63: Building] INFO  o.e.m.c.i.embedder.EclipseLogger - Using 'UTF-8' encoding to copy filtered resources.
2023-08-09 08:35:30,018 [Worker-63: Building] INFO  o.e.m.c.i.embedder.EclipseLogger - skip non existing resourceDirectory C:\Users\jay-pc\Selenium MWF 8-00 to 9-30\Selenium_Learning\src\main\resources
2023-08-09 08:35:30,019 [Worker-63: Building] INFO  o.e.m.c.i.embedder.EclipseLogger - Using 'UTF-8' encoding to copy filtered resources.
2023-08-09 08:35:30,019 [Worker-63: Building] INFO  o.e.m.c.i.embedder.EclipseLogger - skip non existing resourceDirectory C:\Users\jay-pc\Selenium MWF 8-00 to 9-30\Selenium_Learning\src\test\resources
2023-08-09 08:40:56,176 [Worker-60: Building] INFO  o.e.m.c.i.embedder.EclipseLogger - Using 'UTF-8' encoding to copy filtered resources.
2023-08-09 08:40:56,177 [Worker-60: Building] INFO  o.e.m.c.i.embedder.EclipseLogger - skip non existing resourceDirectory C:\Users\jay-pc\Selenium MWF 8-00 to 9-30\Selenium_Learning\src\main\resources
2023-08-09 08:40:56,178 [Worker-60: Building] INFO  o.e.m.c.i.embedder.EclipseLogger - Using 'UTF-8' encoding to copy filtered resources.
2023-08-09 08:40:56,178 [Worker-60: Building] INFO  o.e.m.c.i.embedder.EclipseLogger - skip non existing resourceDirectory C:\Users\jay-pc\Selenium MWF 8-00 to 9-30\Selenium_Learning\src\test\resources
2023-08-09 08:40:58,204 [Worker-69: Building] INFO  o.e.m.c.i.embedder.EclipseLogger - Using 'UTF-8' encoding to copy filtered resources.
2023-08-09 08:40:58,204 [Worker-69: Building] INFO  o.e.m.c.i.embedder.EclipseLogger - skip non existing resourceDirectory C:\Users\jay-pc\Selenium MWF 8-00 to 9-30\Selenium_Learning\src\main\resources
2023-08-09 08:40:58,204 [Worker-69: Building] INFO  o.e.m.c.i.embedder.EclipseLogger - Using 'UTF-8' encoding to copy filtered resources.
2023-08-09 08:40:58,204 [Worker-69: Building] INFO  o.e.m.c.i.embedder.EclipseLogger - skip non existing resourceDirectory C:\Users\jay-pc\Selenium MWF 8-00 to 9-30\Selenium_Learning\src\test\resources
2023-08-09 08:41:04,023 [Worker-72: Building] INFO  o.e.m.c.i.embedder.EclipseLogger - Using 'UTF-8' encoding to copy filtered resources.
2023-08-09 08:41:04,023 [Worker-72: Building] INFO  o.e.m.c.i.embedder.EclipseLogger - skip non existing resourceDirectory C:\Users\jay-pc\Selenium MWF 8-00 to 9-30\Selenium_Learning\src\main\resources
2023-08-09 08:41:04,025 [Worker-72: Building] INFO  o.e.m.c.i.embedder.EclipseLogger - Using 'UTF-8' encoding to copy filtered resources.
2023-08-09 08:41:04,025 [Worker-72: Building] INFO  o.e.m.c.i.embedder.EclipseLogger - skip non existing resourceDirectory C:\Users\jay-pc\Selenium MWF 8-00 to 9-30\Selenium_Learning\src\test\resources
2023-08-09 08:41:25,480 [Worker-60: Building] INFO  o.e.m.c.i.embedder.EclipseLogger - Using 'UTF-8' encoding to copy filtered resources.
2023-08-09 08:41:25,480 [Worker-60: Building] INFO  o.e.m.c.i.embedder.EclipseLogger - skip non existing resourceDirectory C:\Users\jay-pc\Selenium MWF 8-00 to 9-30\Selenium_Learning\src\main\resources
2023-08-09 08:41:25,482 [Worker-60: Building] INFO  o.e.m.c.i.embedder.EclipseLogger - Using 'UTF-8' encoding to copy filtered resources.
2023-08-09 08:41:25,482 [Worker-60: Building] INFO  o.e.m.c.i.embedder.EclipseLogger - skip non existing resourceDirectory C:\Users\jay-pc\Selenium MWF 8-00 to 9-30\Selenium_Learning\src\test\resources
2023-08-09 08:41:30,341 [Worker-70: Building] INFO  o.e.m.c.i.embedder.EclipseLogger - Using 'UTF-8' encoding to copy filtered resources.
2023-08-09 08:41:30,342 [Worker-70: Building] INFO  o.e.m.c.i.embedder.EclipseLogger - skip non existing resourceDirectory C:\Users\jay-pc\Selenium MWF 8-00 to 9-30\Selenium_Learning\src\main\resources
2023-08-09 08:41:30,342 [Worker-70: Building] INFO  o.e.m.c.i.embedder.EclipseLogger - Using 'UTF-8' encoding to copy filtered resources.
2023-08-09 08:41:30,343 [Worker-70: Building] INFO  o.e.m.c.i.embedder.EclipseLogger - skip non existing resourceDirectory C:\Users\jay-pc\Selenium MWF 8-00 to 9-30\Selenium_Learning\src\test\resources
2023-08-09 08:44:45,717 [Start Help Server] INFO  org.eclipse.jetty.server.Server - jetty-10.0.9; built: 2022-03-30T16:46:32.527Z; git: a9eaf8d5d73369acf610ce88f850c0d56c4b1113; jvm 18.0.2.1+1-1
2023-08-09 08:44:45,740 [Start Help Server] INFO  o.e.j.s.s.DefaultSessionIdManager - Session workerName=node0
2023-08-09 08:44:45,768 [Start Help Server] INFO  o.e.j.server.handler.ContextHandler - Started o.e.j.s.ServletContextHandler@316415a4{/help,null,AVAILABLE}
2023-08-09 08:44:45,780 [Start Help Server] INFO  o.e.jetty.server.AbstractConnector - Started ServerConnector@7292c069{HTTP/1.1, (http/1.1)}{127.0.0.1:50836}
2023-08-09 08:44:45,789 [Start Help Server] INFO  org.eclipse.jetty.server.Server - Started Server@f7336ed{STARTING}[10.0.9,sto=0] @1974353ms
2023-08-09 08:45:43,011 [Worker-73: Building] INFO  o.e.m.c.i.embedder.EclipseLogger - Using 'UTF-8' encoding to copy filtered resources.
2023-08-09 08:45:43,011 [Worker-73: Building] INFO  o.e.m.c.i.embedder.EclipseLogger - skip non existing resourceDirectory C:\Users\jay-pc\Selenium MWF 8-00 to 9-30\Selenium_Learning\src\main\resources
2023-08-09 08:45:43,013 [Worker-73: Building] INFO  o.e.m.c.i.embedder.EclipseLogger - Using 'UTF-8' encoding to copy filtered resources.
2023-08-09 08:45:43,014 [Worker-73: Building] INFO  o.e.m.c.i.embedder.EclipseLogger - skip non existing resourceDirectory C:\Users\jay-pc\Selenium MWF 8-00 to 9-30\Selenium_Learning\src\test\resources
2023-08-09 08:45:45,508 [Worker-63: Building] INFO  o.e.m.c.i.embedder.EclipseLogger - Using 'UTF-8' encoding to copy filtered resources.
2023-08-09 08:45:45,508 [Worker-63: Building] INFO  o.e.m.c.i.embedder.EclipseLogger - skip non existing resourceDirectory C:\Users\jay-pc\Selenium MWF 8-00 to 9-30\Selenium_Learning\src\main\resources
2023-08-09 08:45:45,509 [Worker-63: Building] INFO  o.e.m.c.i.embedder.EclipseLogger - Using 'UTF-8' encoding to copy filtered resources.
2023-08-09 08:45:45,509 [Worker-63: Building] INFO  o.e.m.c.i.embedder.EclipseLogger - skip non existing resourceDirectory C:\Users\jay-pc\Selenium MWF 8-00 to 9-30\Selenium_Learning\src\test\resources
2023-08-09 08:48:02,685 [Worker-77: Building] INFO  o.e.m.c.i.embedder.EclipseLogger - Using 'UTF-8' encoding to copy filtered resources.
2023-08-09 08:48:02,685 [Worker-77: Building] INFO  o.e.m.c.i.embedder.EclipseLogger - skip non existing resourceDirectory C:\Users\jay-pc\Selenium MWF 8-00 to 9-30\Selenium_Learning\src\main\resources
2023-08-09 08:48:02,685 [Worker-77: Building] INFO  o.e.m.c.i.embedder.EclipseLogger - Using 'UTF-8' encoding to copy filtered resources.
2023-08-09 08:48:02,685 [Worker-77: Building] INFO  o.e.m.c.i.embedder.EclipseLogger - skip non existing resourceDirectory C:\Users\jay-pc\Selenium MWF 8-00 to 9-30\Selenium_Learning\src\test\resources
2023-08-09 08:48:06,357 [Worker-73: Building] INFO  o.e.m.c.i.embedder.EclipseLogger - Using 'UTF-8' encoding to copy filtered resources.
2023-08-09 08:48:06,357 [Worker-73: Building] INFO  o.e.m.c.i.embedder.EclipseLogger - skip non existing resourceDirectory C:\Users\jay-pc\Selenium MWF 8-00 to 9-30\Selenium_Learning\src\main\resources
2023-08-09 08:48:06,358 [Worker-73: Building] INFO  o.e.m.c.i.embedder.EclipseLogger - Using 'UTF-8' encoding to copy filtered resources.
2023-08-09 08:48:06,358 [Worker-73: Building] INFO  o.e.m.c.i.embedder.EclipseLogger - skip non existing resourceDirectory C:\Users\jay-pc\Selenium MWF 8-00 to 9-30\Selenium_Learning\src\test\resources
2023-08-09 08:48:18,021 [Worker-63: Building] INFO  o.e.m.c.i.embedder.EclipseLogger - Using 'UTF-8' encoding to copy filtered resources.
2023-08-09 08:48:18,022 [Worker-63: Building] INFO  o.e.m.c.i.embedder.EclipseLogger - skip non existing resourceDirectory C:\Users\jay-pc\Selenium MWF 8-00 to 9-30\Selenium_Learning\src\main\resources
2023-08-09 08:48:18,022 [Worker-63: Building] INFO  o.e.m.c.i.embedder.EclipseLogger - Using 'UTF-8' encoding to copy filtered resources.
2023-08-09 08:48:18,022 [Worker-63: Building] INFO  o.e.m.c.i.embedder.EclipseLogger - skip non existing resourceDirectory C:\Users\jay-pc\Selenium MWF 8-00 to 9-30\Selenium_Learning\src\test\resources
2023-08-09 08:48:46,300 [Worker-72: Building] INFO  o.e.m.c.i.embedder.EclipseLogger - Using 'UTF-8' encoding to copy filtered resources.
2023-08-09 08:48:46,300 [Worker-72: Building] INFO  o.e.m.c.i.embedder.EclipseLogger - skip non existing resourceDirectory C:\Users\jay-pc\Selenium MWF 8-00 to 9-30\Selenium_Learning\src\main\resources
2023-08-09 08:48:46,301 [Worker-72: Building] INFO  o.e.m.c.i.embedder.EclipseLogger - Using 'UTF-8' encoding to copy filtered resources.
2023-08-09 08:48:46,302 [Worker-72: Building] INFO  o.e.m.c.i.embedder.EclipseLogger - skip non existing resourceDirectory C:\Users\jay-pc\Selenium MWF 8-00 to 9-30\Selenium_Learning\src\test\resources
2023-08-09 08:49:18,795 [Worker-72: Building] INFO  o.e.m.c.i.embedder.EclipseLogger - Using 'UTF-8' encoding to copy filtered resources.
2023-08-09 08:49:18,795 [Worker-72: Building] INFO  o.e.m.c.i.embedder.EclipseLogger - skip non existing resourceDirectory C:\Users\jay-pc\Selenium MWF 8-00 to 9-30\Selenium_Learning\src\main\resources
2023-08-09 08:49:18,796 [Worker-72: Building] INFO  o.e.m.c.i.embedder.EclipseLogger - Using 'UTF-8' encoding to copy filtered resources.
2023-08-09 08:49:18,797 [Worker-72: Building] INFO  o.e.m.c.i.embedder.EclipseLogger - skip non existing resourceDirectory C:\Users\jay-pc\Selenium MWF 8-00 to 9-30\Selenium_Learning\src\test\resources
2023-08-09 08:49:40,626 [Worker-63: Building] INFO  o.e.m.c.i.embedder.EclipseLogger - Using 'UTF-8' encoding to copy filtered resources.
2023-08-09 08:49:40,627 [Worker-63: Building] INFO  o.e.m.c.i.embedder.EclipseLogger - skip non existing resourceDirectory C:\Users\jay-pc\Selenium MWF 8-00 to 9-30\Selenium_Learning\src\main\resources
2023-08-09 08:49:40,628 [Worker-63: Building] INFO  o.e.m.c.i.embedder.EclipseLogger - Using 'UTF-8' encoding to copy filtered resources.
2023-08-09 08:49:40,628 [Worker-63: Building] INFO  o.e.m.c.i.embedder.EclipseLogger - skip non existing resourceDirectory C:\Users\jay-pc\Selenium MWF 8-00 to 9-30\Selenium_Learning\src\test\resources
2023-08-09 08:52:21,073 [Worker-74: Building] INFO  o.e.m.c.i.embedder.EclipseLogger - Using 'UTF-8' encoding to copy filtered resources.
2023-08-09 08:52:21,073 [Worker-74: Building] INFO  o.e.m.c.i.embedder.EclipseLogger - skip non existing resourceDirectory C:\Users\jay-pc\Selenium MWF 8-00 to 9-30\Selenium_Learning\src\main\resources
2023-08-09 08:52:21,074 [Worker-74: Building] INFO  o.e.m.c.i.embedder.EclipseLogger - Using 'UTF-8' encoding to copy filtered resources.
2023-08-09 08:52:21,074 [Worker-74: Building] INFO  o.e.m.c.i.embedder.EclipseLogger - skip non existing resourceDirectory C:\Users\jay-pc\Selenium MWF 8-00 to 9-30\Selenium_Learning\src\test\resources
2023-08-09 08:52:28,992 [Worker-78: Building] INFO  o.e.m.c.i.embedder.EclipseLogger - Using 'UTF-8' encoding to copy filtered resources.
2023-08-09 08:52:28,992 [Worker-78: Building] INFO  o.e.m.c.i.embedder.EclipseLogger - skip non existing resourceDirectory C:\Users\jay-pc\Selenium MWF 8-00 to 9-30\Selenium_Learning\src\main\resources
2023-08-09 08:52:28,993 [Worker-78: Building] INFO  o.e.m.c.i.embedder.EclipseLogger - Using 'UTF-8' encoding to copy filtered resources.
2023-08-09 08:52:28,993 [Worker-78: Building] INFO  o.e.m.c.i.embedder.EclipseLogger - skip non existing resourceDirectory C:\Users\jay-pc\Selenium MWF 8-00 to 9-30\Selenium_Learning\src\test\resources
2023-08-09 08:52:40,128 [Worker-77: Building] INFO  o.e.m.c.i.embedder.EclipseLogger - Using 'UTF-8' encoding to copy filtered resources.
2023-08-09 08:52:40,129 [Worker-77: Building] INFO  o.e.m.c.i.embedder.EclipseLogger - skip non existing resourceDirectory C:\Users\jay-pc\Selenium MWF 8-00 to 9-30\Selenium_Learning\src\main\resources
2023-08-09 08:52:40,129 [Worker-77: Building] INFO  o.e.m.c.i.embedder.EclipseLogger - Using 'UTF-8' encoding to copy filtered resources.
2023-08-09 08:52:40,130 [Worker-77: Building] INFO  o.e.m.c.i.embedder.EclipseLogger - skip non existing resourceDirectory C:\Users\jay-pc\Selenium MWF 8-00 to 9-30\Selenium_Learning\src\test\resources
2023-08-09 08:52:43,162 [Worker-74: Building] INFO  o.e.m.c.i.embedder.EclipseLogger - Using 'UTF-8' encoding to copy filtered resources.
2023-08-09 08:52:43,163 [Worker-74: Building] INFO  o.e.m.c.i.embedder.EclipseLogger - skip non existing resourceDirectory C:\Users\jay-pc\Selenium MWF 8-00 to 9-30\Selenium_Learning\src\main\resources
2023-08-09 08:52:43,163 [Worker-74: Building] INFO  o.e.m.c.i.embedder.EclipseLogger - Using 'UTF-8' encoding to copy filtered resources.
2023-08-09 08:52:43,163 [Worker-74: Building] INFO  o.e.m.c.i.embedder.EclipseLogger - skip non existing resourceDirectory C:\Users\jay-pc\Selenium MWF 8-00 to 9-30\Selenium_Learning\src\test\resources
2023-08-09 08:52:50,162 [Worker-81: Building] INFO  o.e.m.c.i.embedder.EclipseLogger - Using 'UTF-8' encoding to copy filtered resources.
2023-08-09 08:52:50,162 [Worker-81: Building] INFO  o.e.m.c.i.embedder.EclipseLogger - skip non existing resourceDirectory C:\Users\jay-pc\Selenium MWF 8-00 to 9-30\Selenium_Learning\src\main\resources
2023-08-09 08:52:50,163 [Worker-81: Building] INFO  o.e.m.c.i.embedder.EclipseLogger - Using 'UTF-8' encoding to copy filtered resources.
2023-08-09 08:52:50,163 [Worker-81: Building] INFO  o.e.m.c.i.embedder.EclipseLogger - skip non existing resourceDirectory C:\Users\jay-pc\Selenium MWF 8-00 to 9-30\Selenium_Learning\src\test\resources
2023-08-09 08:52:51,236 [Worker-81: Building] INFO  o.e.m.c.i.embedder.EclipseLogger - Using 'UTF-8' encoding to copy filtered resources.
2023-08-09 08:52:51,237 [Worker-81: Building] INFO  o.e.m.c.i.embedder.EclipseLogger - skip non existing resourceDirectory C:\Users\jay-pc\Selenium MWF 8-00 to 9-30\Selenium_Learning\src\main\resources
2023-08-09 08:52:51,237 [Worker-81: Building] INFO  o.e.m.c.i.embedder.EclipseLogger - Using 'UTF-8' encoding to copy filtered resources.
2023-08-09 08:52:51,237 [Worker-81: Building] INFO  o.e.m.c.i.embedder.EclipseLogger - skip non existing resourceDirectory C:\Users\jay-pc\Selenium MWF 8-00 to 9-30\Selenium_Learning\src\test\resources
2023-08-09 09:04:22,917 [Worker-84: Building] INFO  o.e.m.c.i.embedder.EclipseLogger - Using 'UTF-8' encoding to copy filtered resources.
2023-08-09 09:04:22,918 [Worker-84: Building] INFO  o.e.m.c.i.embedder.EclipseLogger - skip non existing resourceDirectory C:\Users\jay-pc\Selenium MWF 8-00 to 9-30\Selenium_Learning\src\main\resources
2023-08-09 09:04:22,918 [Worker-84: Building] INFO  o.e.m.c.i.embedder.EclipseLogger - Using 'UTF-8' encoding to copy filtered resources.
2023-08-09 09:04:22,919 [Worker-84: Building] INFO  o.e.m.c.i.embedder.EclipseLogger - skip non existing resourceDirectory C:\Users\jay-pc\Selenium MWF 8-00 to 9-30\Selenium_Learning\src\test\resources
2023-08-09 09:04:25,861 [Worker-85: Building] INFO  o.e.m.c.i.embedder.EclipseLogger - Using 'UTF-8' encoding to copy filtered resources.
2023-08-09 09:04:25,861 [Worker-85: Building] INFO  o.e.m.c.i.embedder.EclipseLogger - skip non existing resourceDirectory C:\Users\jay-pc\Selenium MWF 8-00 to 9-30\Selenium_Learning\src\main\resources
2023-08-09 09:04:25,862 [Worker-85: Building] INFO  o.e.m.c.i.embedder.EclipseLogger - Using 'UTF-8' encoding to copy filtered resources.
2023-08-09 09:04:25,862 [Worker-85: Building] INFO  o.e.m.c.i.embedder.EclipseLogger - skip non existing resourceDirectory C:\Users\jay-pc\Selenium MWF 8-00 to 9-30\Selenium_Learning\src\test\resources
2023-08-09 09:04:30,870 [Worker-85: Building] INFO  o.e.m.c.i.embedder.EclipseLogger - Using 'UTF-8' encoding to copy filtered resources.
2023-08-09 09:04:30,870 [Worker-85: Building] INFO  o.e.m.c.i.embedder.EclipseLogger - skip non existing resourceDirectory C:\Users\jay-pc\Selenium MWF 8-00 to 9-30\Selenium_Learning\src\main\resources
2023-08-09 09:04:30,871 [Worker-85: Building] INFO  o.e.m.c.i.embedder.EclipseLogger - Using 'UTF-8' encoding to copy filtered resources.
2023-08-09 09:04:30,871 [Worker-85: Building] INFO  o.e.m.c.i.embedder.EclipseLogger - skip non existing resourceDirectory C:\Users\jay-pc\Selenium MWF 8-00 to 9-30\Selenium_Learning\src\test\resources
2023-08-09 09:07:17,904 [Worker-87: Building] INFO  o.e.m.c.i.embedder.EclipseLogger - Using 'UTF-8' encoding to copy filtered resources.
2023-08-09 09:07:17,904 [Worker-87: Building] INFO  o.e.m.c.i.embedder.EclipseLogger - skip non existing resourceDirectory C:\Users\jay-pc\Selenium MWF 8-00 to 9-30\Selenium_Learning\src\main\resources
2023-08-09 09:07:17,905 [Worker-87: Building] INFO  o.e.m.c.i.embedder.EclipseLogger - Using 'UTF-8' encoding to copy filtered resources.
2023-08-09 09:07:17,905 [Worker-87: Building] INFO  o.e.m.c.i.embedder.EclipseLogger - skip non existing resourceDirectory C:\Users\jay-pc\Selenium MWF 8-00 to 9-30\Selenium_Learning\src\test\resources
2023-08-09 09:07:44,276 [Worker-84: Building] INFO  o.e.m.c.i.embedder.EclipseLogger - Using 'UTF-8' encoding to copy filtered resources.
2023-08-09 09:07:44,276 [Worker-84: Building] INFO  o.e.m.c.i.embedder.EclipseLogger - skip non existing resourceDirectory C:\Users\jay-pc\Selenium MWF 8-00 to 9-30\Selenium_Learning\src\main\resources
2023-08-09 09:07:44,277 [Worker-84: Building] INFO  o.e.m.c.i.embedder.EclipseLogger - Using 'UTF-8' encoding to copy filtered resources.
2023-08-09 09:07:44,277 [Worker-84: Building] INFO  o.e.m.c.i.embedder.EclipseLogger - skip non existing resourceDirectory C:\Users\jay-pc\Selenium MWF 8-00 to 9-30\Selenium_Learning\src\test\resources
2023-08-09 09:07:56,488 [Worker-89: Building] INFO  o.e.m.c.i.embedder.EclipseLogger - Using 'UTF-8' encoding to copy filtered resources.
2023-08-09 09:07:56,488 [Worker-89: Building] INFO  o.e.m.c.i.embedder.EclipseLogger - skip non existing resourceDirectory C:\Users\jay-pc\Selenium MWF 8-00 to 9-30\Selenium_Learning\src\main\resources
2023-08-09 09:07:56,489 [Worker-89: Building] INFO  o.e.m.c.i.embedder.EclipseLogger - Using 'UTF-8' encoding to copy filtered resources.
2023-08-09 09:07:56,489 [Worker-89: Building] INFO  o.e.m.c.i.embedder.EclipseLogger - skip non existing resourceDirectory C:\Users\jay-pc\Selenium MWF 8-00 to 9-30\Selenium_Learning\src\test\resources
2023-08-09 09:08:23,874 [Worker-91: Building] INFO  o.e.m.c.i.embedder.EclipseLogger - Using 'UTF-8' encoding to copy filtered resources.
2023-08-09 09:08:23,875 [Worker-91: Building] INFO  o.e.m.c.i.embedder.EclipseLogger - skip non existing resourceDirectory C:\Users\jay-pc\Selenium MWF 8-00 to 9-30\Selenium_Learning\src\main\resources
2023-08-09 09:08:23,876 [Worker-91: Building] INFO  o.e.m.c.i.embedder.EclipseLogger - Using 'UTF-8' encoding to copy filtered resources.
2023-08-09 09:08:23,876 [Worker-91: Building] INFO  o.e.m.c.i.embedder.EclipseLogger - skip non existing resourceDirectory C:\Users\jay-pc\Selenium MWF 8-00 to 9-30\Selenium_Learning\src\test\resources
2023-08-09 09:08:36,547 [Worker-89: Building] INFO  o.e.m.c.i.embedder.EclipseLogger - Using 'UTF-8' encoding to copy filtered resources.
2023-08-09 09:08:36,547 [Worker-89: Building] INFO  o.e.m.c.i.embedder.EclipseLogger - skip non existing resourceDirectory C:\Users\jay-pc\Selenium MWF 8-00 to 9-30\Selenium_Learning\src\main\resources
2023-08-09 09:08:36,548 [Worker-89: Building] INFO  o.e.m.c.i.embedder.EclipseLogger - Using 'UTF-8' encoding to copy filtered resources.
2023-08-09 09:08:36,548 [Worker-89: Building] INFO  o.e.m.c.i.embedder.EclipseLogger - skip non existing resourceDirectory C:\Users\jay-pc\Selenium MWF 8-00 to 9-30\Selenium_Learning\src\test\resources
2023-08-09 09:10:08,254 [Worker-87: Building] INFO  o.e.m.c.i.embedder.EclipseLogger - Using 'UTF-8' encoding to copy filtered resources.
2023-08-09 09:10:08,254 [Worker-87: Building] INFO  o.e.m.c.i.embedder.EclipseLogger - skip non existing resourceDirectory C:\Users\jay-pc\Selenium MWF 8-00 to 9-30\Selenium_Learning\src\main\resources
2023-08-09 09:10:08,255 [Worker-87: Building] INFO  o.e.m.c.i.embedder.EclipseLogger - Using 'UTF-8' encoding to copy filtered resources.
2023-08-09 09:10:08,255 [Worker-87: Building] INFO  o.e.m.c.i.embedder.EclipseLogger - skip non existing resourceDirectory C:\Users\jay-pc\Selenium MWF 8-00 to 9-30\Selenium_Learning\src\test\resources
2023-08-09 09:10:47,643 [Worker-90: Building] INFO  o.e.m.c.i.embedder.EclipseLogger - Using 'UTF-8' encoding to copy filtered resources.
2023-08-09 09:10:47,643 [Worker-90: Building] INFO  o.e.m.c.i.embedder.EclipseLogger - skip non existing resourceDirectory C:\Users\jay-pc\Selenium MWF 8-00 to 9-30\Selenium_Learning\src\main\resources
2023-08-09 09:10:47,644 [Worker-90: Building] INFO  o.e.m.c.i.embedder.EclipseLogger - Using 'UTF-8' encoding to copy filtered resources.
2023-08-09 09:10:47,644 [Worker-90: Building] INFO  o.e.m.c.i.embedder.EclipseLogger - skip non existing resourceDirectory C:\Users\jay-pc\Selenium MWF 8-00 to 9-30\Selenium_Learning\src\test\resources
2023-08-09 09:11:08,151 [Worker-90: Building] INFO  o.e.m.c.i.embedder.EclipseLogger - Using 'UTF-8' encoding to copy filtered resources.
2023-08-09 09:11:08,151 [Worker-90: Building] INFO  o.e.m.c.i.embedder.EclipseLogger - skip non existing resourceDirectory C:\Users\jay-pc\Selenium MWF 8-00 to 9-30\Selenium_Learning\src\main\resources
2023-08-09 09:11:08,152 [Worker-90: Building] INFO  o.e.m.c.i.embedder.EclipseLogger - Using 'UTF-8' encoding to copy filtered resources.
2023-08-09 09:11:08,152 [Worker-90: Building] INFO  o.e.m.c.i.embedder.EclipseLogger - skip non existing resourceDirectory C:\Users\jay-pc\Selenium MWF 8-00 to 9-30\Selenium_Learning\src\test\resources
2023-08-09 09:11:18,691 [Worker-84: Building] INFO  o.e.m.c.i.embedder.EclipseLogger - Using 'UTF-8' encoding to copy filtered resources.
2023-08-09 09:11:18,691 [Worker-84: Building] INFO  o.e.m.c.i.embedder.EclipseLogger - skip non existing resourceDirectory C:\Users\jay-pc\Selenium MWF 8-00 to 9-30\Selenium_Learning\src\main\resources
2023-08-09 09:11:18,691 [Worker-84: Building] INFO  o.e.m.c.i.embedder.EclipseLogger - Using 'UTF-8' encoding to copy filtered resources.
2023-08-09 09:11:18,691 [Worker-84: Building] INFO  o.e.m.c.i.embedder.EclipseLogger - skip non existing resourceDirectory C:\Users\jay-pc\Selenium MWF 8-00 to 9-30\Selenium_Learning\src\test\resources
2023-08-09 09:11:19,763 [Worker-93: Building] INFO  o.e.m.c.i.embedder.EclipseLogger - Using 'UTF-8' encoding to copy filtered resources.
2023-08-09 09:11:19,763 [Worker-93: Building] INFO  o.e.m.c.i.embedder.EclipseLogger - skip non existing resourceDirectory C:\Users\jay-pc\Selenium MWF 8-00 to 9-30\Selenium_Learning\src\main\resources
2023-08-09 09:11:19,764 [Worker-93: Building] INFO  o.e.m.c.i.embedder.EclipseLogger - Using 'UTF-8' encoding to copy filtered resources.
2023-08-09 09:11:19,764 [Worker-93: Building] INFO  o.e.m.c.i.embedder.EclipseLogger - skip non existing resourceDirectory C:\Users\jay-pc\Selenium MWF 8-00 to 9-30\Selenium_Learning\src\test\resources
2023-08-09 09:11:28,730 [Worker-84: Building] INFO  o.e.m.c.i.embedder.EclipseLogger - Using 'UTF-8' encoding to copy filtered resources.
2023-08-09 09:11:28,730 [Worker-84: Building] INFO  o.e.m.c.i.embedder.EclipseLogger - skip non existing resourceDirectory C:\Users\jay-pc\Selenium MWF 8-00 to 9-30\Selenium_Learning\src\main\resources
2023-08-09 09:11:28,730 [Worker-84: Building] INFO  o.e.m.c.i.embedder.EclipseLogger - Using 'UTF-8' encoding to copy filtered resources.
2023-08-09 09:11:28,731 [Worker-84: Building] INFO  o.e.m.c.i.embedder.EclipseLogger - skip non existing resourceDirectory C:\Users\jay-pc\Selenium MWF 8-00 to 9-30\Selenium_Learning\src\test\resources
2023-08-09 09:12:02,790 [Worker-90: Building] INFO  o.e.m.c.i.embedder.EclipseLogger - Using 'UTF-8' encoding to copy filtered resources.
2023-08-09 09:12:02,790 [Worker-90: Building] INFO  o.e.m.c.i.embedder.EclipseLogger - skip non existing resourceDirectory C:\Users\jay-pc\Selenium MWF 8-00 to 9-30\Selenium_Learning\src\main\resources
2023-08-09 09:12:02,791 [Worker-90: Building] INFO  o.e.m.c.i.embedder.EclipseLogger - Using 'UTF-8' encoding to copy filtered resources.
2023-08-09 09:12:02,791 [Worker-90: Building] INFO  o.e.m.c.i.embedder.EclipseLogger - skip non existing resourceDirectory C:\Users\jay-pc\Selenium MWF 8-00 to 9-30\Selenium_Learning\src\test\resources
2023-08-09 09:12:11,085 [Worker-94: Building] INFO  o.e.m.c.i.embedder.EclipseLogger - Using 'UTF-8' encoding to copy filtered resources.
2023-08-09 09:12:11,085 [Worker-94: Building] INFO  o.e.m.c.i.embedder.EclipseLogger - skip non existing resourceDirectory C:\Users\jay-pc\Selenium MWF 8-00 to 9-30\Selenium_Learning\src\main\resources
2023-08-09 09:12:11,086 [Worker-94: Building] INFO  o.e.m.c.i.embedder.EclipseLogger - Using 'UTF-8' encoding to copy filtered resources.
2023-08-09 09:12:11,086 [Worker-94: Building] INFO  o.e.m.c.i.embedder.EclipseLogger - skip non existing resourceDirectory C:\Users\jay-pc\Selenium MWF 8-00 to 9-30\Selenium_Learning\src\test\resources
2023-08-09 09:24:56,847 [Worker-100: Building] INFO  o.e.m.c.i.embedder.EclipseLogger - Using 'UTF-8' encoding to copy filtered resources.
2023-08-09 09:24:56,847 [Worker-100: Building] INFO  o.e.m.c.i.embedder.EclipseLogger - skip non existing resourceDirectory C:\Users\jay-pc\Selenium MWF 8-00 to 9-30\Selenium_Learning\src\main\resources
